2019-03-12 18:44:17,539 [Worker-5: Loading available Gradle versions] INFO  o.e.b.c.i.u.g.PublishedGradleVersions - Gradle version information cache is up-to-date. Trying to read.
2019-03-12 18:45:30,767 [Worker-6: Creating project "seip2019"] INFO  o.e.m.c.i.l.LifecycleMappingFactory - Using NULL lifecycle mapping for MavenProject: gr.aueb.dmst:seip2019:0.0.1-SNAPSHOT @ C:\Users\kosma\Desktop\Seip\Seip2019\seip2019\pom.xml.
2019-03-12 18:46:10,240 [Worker-8: Creating project "gradeshistogram"] INFO  o.e.m.c.i.l.LifecycleMappingFactory - Using org.eclipse.m2e.jdt.JarLifecycleMapping lifecycle mapping for MavenProject: gr.aueb.dmst:gradeshistogram:0.0.1-SNAPSHOT @ C:\Users\kosma\Desktop\Seip\Seip2019\seip2019\gradeshistogram\pom.xml.
2019-03-12 18:46:10,522 [Worker-8: Creating project "gradeshistogram"] INFO  o.e.m.j.i.AbstractJavaProjectConfigurator - Adding source folder /gradeshistogram/src/main/java
2019-03-12 18:46:10,524 [Worker-8: Creating project "gradeshistogram"] INFO  o.e.m.j.i.AbstractJavaProjectConfigurator - Adding resource folder /gradeshistogram/src/main/resources
2019-03-12 18:46:10,525 [Worker-8: Creating project "gradeshistogram"] INFO  o.e.m.j.i.AbstractJavaProjectConfigurator - Adding source folder /gradeshistogram/src/test/java
2019-03-12 18:46:10,525 [Worker-8: Creating project "gradeshistogram"] INFO  o.e.m.j.i.AbstractJavaProjectConfigurator - Adding resource folder /gradeshistogram/src/test/resources
2019-03-12 18:46:11,706 [Worker-11: Building workspace] WARN  o.e.m.c.i.embedder.EclipseLogger - Using platform encoding (Cp1253 actually) to copy filtered resources, i.e. build is platform dependent!
2019-03-12 18:46:11,714 [Worker-11: Building workspace] INFO  o.e.m.c.i.embedder.EclipseLogger - Copying 0 resource
2019-03-12 18:46:11,716 [Worker-11: Building workspace] WARN  o.e.m.c.i.embedder.EclipseLogger - Using platform encoding (Cp1253 actually) to copy filtered resources, i.e. build is platform dependent!
2019-03-12 18:46:11,719 [Worker-11: Building workspace] INFO  o.e.m.c.i.embedder.EclipseLogger - Copying 0 resource
2019-03-12 18:46:12,831 [Worker-3: Building workspace] INFO  o.e.m.c.i.l.LifecycleMappingFactory - Using NULL lifecycle mapping for MavenProject: gr.aueb.dmst:seip2019:0.0.1-SNAPSHOT @ C:\Users\kosma\Desktop\Seip\Seip2019\seip2019\pom.xml.
2019-03-12 18:46:13,392 [Worker-3: Building workspace] INFO  o.e.m.c.i.l.LifecycleMappingFactory - Using org.eclipse.m2e.jdt.JarLifecycleMapping lifecycle mapping for MavenProject: gr.aueb.dmst:gradeshistogram:0.0.1-SNAPSHOT @ C:\Users\kosma\Desktop\Seip\Seip2019\seip2019\gradeshistogram\pom.xml.
2019-03-12 18:46:14,975 [Worker-8: Building workspace] WARN  o.e.m.c.i.embedder.EclipseLogger - Using platform encoding (Cp1253 actually) to copy filtered resources, i.e. build is platform dependent!
2019-03-12 18:46:14,978 [Worker-8: Building workspace] INFO  o.e.m.c.i.embedder.EclipseLogger - Copying 0 resource
2019-03-12 18:46:14,980 [Worker-8: Building workspace] WARN  o.e.m.c.i.embedder.EclipseLogger - Using platform encoding (Cp1253 actually) to copy filtered resources, i.e. build is platform dependent!
2019-03-12 18:46:14,981 [Worker-8: Building workspace] INFO  o.e.m.c.i.embedder.EclipseLogger - Copying 0 resource
2019-03-12 19:06:43,448 [Worker-8: Building workspace] WARN  o.e.m.c.i.embedder.EclipseLogger - Using platform encoding (Cp1253 actually) to copy filtered resources, i.e. build is platform dependent!
2019-03-12 19:06:43,464 [Worker-8: Building workspace] INFO  o.e.m.c.i.embedder.EclipseLogger - Copying 0 resource
2019-03-12 19:06:43,466 [Worker-8: Building workspace] WARN  o.e.m.c.i.embedder.EclipseLogger - Using platform encoding (Cp1253 actually) to copy filtered resources, i.e. build is platform dependent!
2019-03-12 19:06:43,467 [Worker-8: Building workspace] INFO  o.e.m.c.i.embedder.EclipseLogger - Copying 0 resource
2019-03-12 19:06:44,523 [Worker-13: Building workspace] WARN  o.e.m.c.i.embedder.EclipseLogger - Using platform encoding (Cp1253 actually) to copy filtered resources, i.e. build is platform dependent!
2019-03-12 19:06:44,525 [Worker-13: Building workspace] INFO  o.e.m.c.i.embedder.EclipseLogger - Copying 0 resource
2019-03-12 19:06:44,535 [Worker-13: Building workspace] WARN  o.e.m.c.i.embedder.EclipseLogger - Using platform encoding (Cp1253 actually) to copy filtered resources, i.e. build is platform dependent!
2019-03-12 19:06:44,540 [Worker-13: Building workspace] INFO  o.e.m.c.i.embedder.EclipseLogger - Copying 0 resource
2019-03-12 19:15:20,755 [Worker-17: Building workspace] WARN  o.e.m.c.i.embedder.EclipseLogger - Using platform encoding (Cp1253 actually) to copy filtered resources, i.e. build is platform dependent!
2019-03-12 19:15:20,758 [Worker-17: Building workspace] INFO  o.e.m.c.i.embedder.EclipseLogger - Copying 0 resource
2019-03-12 19:15:20,760 [Worker-17: Building workspace] WARN  o.e.m.c.i.embedder.EclipseLogger - Using platform encoding (Cp1253 actually) to copy filtered resources, i.e. build is platform dependent!
2019-03-12 19:15:20,762 [Worker-17: Building workspace] INFO  o.e.m.c.i.embedder.EclipseLogger - Copying 0 resource
2019-03-12 19:15:24,176 [Worker-16: Building workspace] INFO  o.e.m.c.i.e.AbstractTransferListenerAdapter - Downloading https://repo.maven.apache.org/maven2/org/apache/maven/plugins/maven-assembly-plugin/2.2-beta-5/maven-assembly-plugin-2.2-beta-5.jar
2019-03-12 19:15:25,166 [Worker-16: Building workspace] INFO  o.e.m.c.i.e.AbstractTransferListenerAdapter - Downloaded https://repo.maven.apache.org/maven2/org/apache/maven/plugins/maven-assembly-plugin/2.2-beta-5/maven-assembly-plugin-2.2-beta-5.jar
2019-03-12 19:15:25,953 [Worker-16: Building workspace] INFO  o.e.m.c.i.l.LifecycleMappingFactory - Using org.eclipse.m2e.jdt.JarLifecycleMapping lifecycle mapping for MavenProject: gr.aueb.dmst:gradeshistogram:0.0.1-SNAPSHOT @ C:\Users\kosma\Desktop\Seip\Seip2019\seip2019\gradeshistogram\pom.xml.
2019-03-12 19:15:26,511 [Worker-16: Building workspace] INFO  o.e.m.c.i.e.AbstractTransferListenerAdapter - Downloading https://repo.maven.apache.org/maven2/org/jfree/jfreechart/1.5.0/jfreechart-1.5.0.pom
2019-03-12 19:15:26,619 [Worker-16: Building workspace] INFO  o.e.m.c.i.e.AbstractTransferListenerAdapter - Downloaded https://repo.maven.apache.org/maven2/org/jfree/jfreechart/1.5.0/jfreechart-1.5.0.pom
2019-03-12 19:15:26,741 [Worker-16: Building workspace] INFO  o.e.m.c.i.e.AbstractTransferListenerAdapter - Downloading https://repo.maven.apache.org/maven2/org/jfree/jfreechart/1.5.0/jfreechart-1.5.0.jar
2019-03-12 19:15:28,681 [Worker-16: Building workspace] INFO  o.e.m.c.i.e.AbstractTransferListenerAdapter - Downloaded https://repo.maven.apache.org/maven2/org/jfree/jfreechart/1.5.0/jfreechart-1.5.0.jar
2019-03-12 19:15:29,100 [Worker-16: Building workspace] WARN  o.e.m.c.i.embedder.EclipseLogger - Using platform encoding (Cp1253 actually) to copy filtered resources, i.e. build is platform dependent!
2019-03-12 19:15:29,104 [Worker-16: Building workspace] INFO  o.e.m.c.i.embedder.EclipseLogger - Copying 0 resource
2019-03-12 19:15:29,106 [Worker-16: Building workspace] WARN  o.e.m.c.i.embedder.EclipseLogger - Using platform encoding (Cp1253 actually) to copy filtered resources, i.e. build is platform dependent!
2019-03-12 19:15:29,108 [Worker-16: Building workspace] INFO  o.e.m.c.i.embedder.EclipseLogger - Copying 0 resource
2019-03-12 19:15:30,273 [Worker-14: Building workspace] WARN  o.e.m.c.i.embedder.EclipseLogger - Using platform encoding (Cp1253 actually) to copy filtered resources, i.e. build is platform dependent!
2019-03-12 19:15:30,275 [Worker-14: Building workspace] INFO  o.e.m.c.i.embedder.EclipseLogger - Copying 0 resource
2019-03-12 19:15:30,277 [Worker-14: Building workspace] WARN  o.e.m.c.i.embedder.EclipseLogger - Using platform encoding (Cp1253 actually) to copy filtered resources, i.e. build is platform dependent!
2019-03-12 19:15:30,278 [Worker-14: Building workspace] INFO  o.e.m.c.i.embedder.EclipseLogger - Copying 0 resource
2019-03-12 19:15:30,370 [Worker-15: Download sources and javadoc] INFO  o.e.m.c.i.e.AbstractTransferListenerAdapter - Downloading https://repo.maven.apache.org/maven2/org/jfree/jfreechart/1.5.0/jfreechart-1.5.0-sources.jar
2019-03-12 19:15:35,243 [Worker-15: Download sources and javadoc] INFO  o.e.m.c.i.e.AbstractTransferListenerAdapter - Downloaded https://repo.maven.apache.org/maven2/org/jfree/jfreechart/1.5.0/jfreechart-1.5.0-sources.jar
2019-03-12 19:15:35,380 [Worker-15: Download sources and javadoc] INFO  o.e.m.j.internal.DownloadSourcesJob - Downloaded sources for org.jfree:jfreechart:1.5.0
2019-03-12 19:15:35,656 [Worker-15: Building workspace] WARN  o.e.m.c.i.embedder.EclipseLogger - Using platform encoding (Cp1253 actually) to copy filtered resources, i.e. build is platform dependent!
2019-03-12 19:15:35,658 [Worker-15: Building workspace] INFO  o.e.m.c.i.embedder.EclipseLogger - Copying 0 resource
2019-03-12 19:15:35,660 [Worker-15: Building workspace] WARN  o.e.m.c.i.embedder.EclipseLogger - Using platform encoding (Cp1253 actually) to copy filtered resources, i.e. build is platform dependent!
2019-03-12 19:15:35,662 [Worker-15: Building workspace] INFO  o.e.m.c.i.embedder.EclipseLogger - Copying 0 resource
2019-03-12 19:15:55,144 [Worker-14: Launching Executing install in C__Users_kosma_Desktop_Seip_Seip2019_seip2019_gradeshistogram] INFO  o.e.m.i.launch.MavenLaunchDelegate - C:\Users\kosma\Desktop\Seip\Seip2019\seip2019\gradeshistogram
2019-03-12 19:15:55,146 [Worker-14: Launching Executing install in C__Users_kosma_Desktop_Seip_Seip2019_seip2019_gradeshistogram] INFO  o.e.m.i.launch.MavenLaunchDelegate -  mvn -B install
2019-03-12 19:16:02,640 [Worker-8: Building workspace] WARN  o.e.m.c.i.embedder.EclipseLogger - Using platform encoding (Cp1253 actually) to copy filtered resources, i.e. build is platform dependent!
2019-03-12 19:16:02,643 [Worker-8: Building workspace] INFO  o.e.m.c.i.embedder.EclipseLogger - Copying 0 resource
2019-03-12 19:16:02,646 [Worker-8: Building workspace] WARN  o.e.m.c.i.embedder.EclipseLogger - Using platform encoding (Cp1253 actually) to copy filtered resources, i.e. build is platform dependent!
2019-03-12 19:16:02,649 [Worker-8: Building workspace] INFO  o.e.m.c.i.embedder.EclipseLogger - Copying 0 resource
2019-03-12 19:18:59,759 [Worker-15: Searching...] INFO  o.e.m.c.i.e.AbstractTransferListenerAdapter - Downloading https://repo.maven.apache.org/maven2/io/takari/m2e/workspace/org.eclipse.m2e.workspace.cli/0.3.1/org.eclipse.m2e.workspace.cli-0.3.1-sources.jar
2019-03-12 19:19:00,187 [Worker-15: Searching...] INFO  o.e.m.c.i.e.AbstractTransferListenerAdapter - Downloaded https://repo.maven.apache.org/maven2/io/takari/m2e/workspace/org.eclipse.m2e.workspace.cli/0.3.1/org.eclipse.m2e.workspace.cli-0.3.1-sources.jar
2019-03-12 19:19:01,807 [Worker-15: Searching...] INFO  o.e.m.c.i.e.AbstractTransferListenerAdapter - Downloading https://repo.maven.apache.org/maven2/org/codehaus/plexus/plexus-classworlds/2.5.2/plexus-classworlds-2.5.2-sources.jar
2019-03-12 19:19:02,274 [Worker-15: Searching...] INFO  o.e.m.c.i.e.AbstractTransferListenerAdapter - Downloaded https://repo.maven.apache.org/maven2/org/codehaus/plexus/plexus-classworlds/2.5.2/plexus-classworlds-2.5.2-sources.jar
2019-03-12 19:19:03,474 [Worker-15: Searching...] INFO  o.e.m.c.i.e.AbstractTransferListenerAdapter - Downloading https://repo.maven.apache.org/maven2/org/apache/maven/resolver/maven-resolver-util/1.1.1/maven-resolver-util-1.1.1-sources.jar
2019-03-12 19:19:07,119 [Worker-15: Searching...] INFO  o.e.m.c.i.e.AbstractTransferListenerAdapter - Downloaded https://repo.maven.apache.org/maven2/org/apache/maven/resolver/maven-resolver-util/1.1.1/maven-resolver-util-1.1.1-sources.jar
2019-03-12 19:19:07,749 [Worker-15: Searching...] INFO  o.e.m.c.i.e.AbstractTransferListenerAdapter - Downloading https://repo.maven.apache.org/maven2/org/apache/maven/maven-model/3.5.3/maven-model-3.5.3-sources.jar
2019-03-12 19:19:08,678 [Worker-15: Searching...] INFO  o.e.m.c.i.e.AbstractTransferListenerAdapter - Downloaded https://repo.maven.apache.org/maven2/org/apache/maven/maven-model/3.5.3/maven-model-3.5.3-sources.jar
2019-03-12 19:19:09,808 [Worker-15: Searching...] INFO  o.e.m.c.i.e.AbstractTransferListenerAdapter - Downloading https://repo.maven.apache.org/maven2/commons-cli/commons-cli/1.4/commons-cli-1.4-sources.jar
2019-03-12 19:19:10,734 [Worker-15: Searching...] INFO  o.e.m.c.i.e.AbstractTransferListenerAdapter - Downloaded https://repo.maven.apache.org/maven2/commons-cli/commons-cli/1.4/commons-cli-1.4-sources.jar
2019-03-12 19:19:11,366 [Worker-15: Searching...] INFO  o.e.m.c.i.e.AbstractTransferListenerAdapter - Downloading https://repo.maven.apache.org/maven2/org/apache/maven/resolver/maven-resolver-connector-basic/1.1.1/maven-resolver-connector-basic-1.1.1-sources.jar
2019-03-12 19:19:11,618 [Worker-15: Searching...] INFO  o.e.m.c.i.e.AbstractTransferListenerAdapter - Downloaded https://repo.maven.apache.org/maven2/org/apache/maven/resolver/maven-resolver-connector-basic/1.1.1/maven-resolver-connector-basic-1.1.1-sources.jar
2019-03-12 19:19:12,278 [Worker-15: Searching...] INFO  o.e.m.c.i.e.AbstractTransferListenerAdapter - Downloading https://repo.maven.apache.org/maven2/org/apache/maven/maven-core/3.5.3/maven-core-3.5.3-sources.jar
2019-03-12 19:19:15,306 [Worker-15: Searching...] INFO  o.e.m.c.i.e.AbstractTransferListenerAdapter - Downloaded https://repo.maven.apache.org/maven2/org/apache/maven/maven-core/3.5.3/maven-core-3.5.3-sources.jar
2019-03-12 19:19:15,797 [Worker-15: Searching...] INFO  o.e.m.c.i.e.AbstractTransferListenerAdapter - Downloading https://repo.maven.apache.org/maven2/org/codehaus/plexus/plexus-interpolation/1.24/plexus-interpolation-1.24-sources.jar
2019-03-12 19:19:16,212 [Worker-15: Searching...] INFO  o.e.m.c.i.e.AbstractTransferListenerAdapter - Downloaded https://repo.maven.apache.org/maven2/org/codehaus/plexus/plexus-interpolation/1.24/plexus-interpolation-1.24-sources.jar
2019-03-12 19:19:16,797 [Worker-15: Searching...] INFO  o.e.m.c.i.e.AbstractTransferListenerAdapter - Downloading https://repo.maven.apache.org/maven2/org/sonatype/plexus/plexus-sec-dispatcher/1.4/plexus-sec-dispatcher-1.4-sources.jar
2019-03-12 19:19:16,987 [Worker-15: Searching...] INFO  o.e.m.c.i.e.AbstractTransferListenerAdapter - Downloaded https://repo.maven.apache.org/maven2/org/sonatype/plexus/plexus-sec-dispatcher/1.4/plexus-sec-dispatcher-1.4-sources.jar
2019-03-12 19:19:17,701 [Worker-15: Searching...] INFO  o.e.m.c.i.e.AbstractTransferListenerAdapter - Downloading https://repo.maven.apache.org/maven2/org/sonatype/plexus/plexus-cipher/1.7/plexus-cipher-1.7-sources.jar
2019-03-12 19:19:17,923 [Worker-15: Searching...] INFO  o.e.m.c.i.e.AbstractTransferListenerAdapter - Downloaded https://repo.maven.apache.org/maven2/org/sonatype/plexus/plexus-cipher/1.7/plexus-cipher-1.7-sources.jar
2019-03-12 19:19:18,517 [Worker-15: Searching...] INFO  o.e.m.c.i.e.AbstractTransferListenerAdapter - Downloading https://repo.maven.apache.org/maven2/org/fusesource/hawtjni/hawtjni-runtime/1.16/hawtjni-runtime-1.16-sources.jar
2019-03-12 19:19:18,708 [Worker-15: Searching...] INFO  o.e.m.c.i.e.AbstractTransferListenerAdapter - Downloaded https://repo.maven.apache.org/maven2/org/fusesource/hawtjni/hawtjni-runtime/1.16/hawtjni-runtime-1.16-sources.jar
2019-03-12 19:19:19,275 [Worker-15: Searching...] INFO  o.e.m.c.i.e.AbstractTransferListenerAdapter - Downloading https://repo.maven.apache.org/maven2/org/fusesource/jansi/jansi-freebsd32/1.8/jansi-freebsd32-1.8-sources.jar
2019-03-12 19:19:19,593 [Worker-15: Searching...] INFO  o.e.m.c.i.e.AbstractTransferListenerAdapter - Downloaded https://repo.maven.apache.org/maven2/org/fusesource/jansi/jansi-freebsd32/1.8/jansi-freebsd32-1.8-sources.jar
2019-03-12 19:19:20,252 [Worker-15: Searching...] INFO  o.e.m.c.i.e.AbstractTransferListenerAdapter - Downloading https://repo.maven.apache.org/maven2/org/fusesource/jansi/jansi-freebsd64/1.8/jansi-freebsd64-1.8-sources.jar
2019-03-12 19:19:20,551 [Worker-15: Searching...] INFO  o.e.m.c.i.e.AbstractTransferListenerAdapter - Downloaded https://repo.maven.apache.org/maven2/org/fusesource/jansi/jansi-freebsd64/1.8/jansi-freebsd64-1.8-sources.jar
2019-03-12 19:19:21,083 [Worker-15: Searching...] INFO  o.e.m.c.i.e.AbstractTransferListenerAdapter - Downloading https://repo.maven.apache.org/maven2/org/fusesource/jansi/jansi-linux32/1.8/jansi-linux32-1.8-sources.jar
2019-03-12 19:19:21,388 [Worker-15: Searching...] INFO  o.e.m.c.i.e.AbstractTransferListenerAdapter - Downloaded https://repo.maven.apache.org/maven2/org/fusesource/jansi/jansi-linux32/1.8/jansi-linux32-1.8-sources.jar
2019-03-12 19:19:21,980 [Worker-15: Searching...] INFO  o.e.m.c.i.e.AbstractTransferListenerAdapter - Downloading https://repo.maven.apache.org/maven2/org/fusesource/jansi/jansi-linux64/1.8/jansi-linux64-1.8-sources.jar
2019-03-12 19:19:22,372 [Worker-15: Searching...] INFO  o.e.m.c.i.e.AbstractTransferListenerAdapter - Downloaded https://repo.maven.apache.org/maven2/org/fusesource/jansi/jansi-linux64/1.8/jansi-linux64-1.8-sources.jar
2019-03-12 19:19:22,941 [Worker-15: Searching...] INFO  o.e.m.c.i.e.AbstractTransferListenerAdapter - Downloading https://repo.maven.apache.org/maven2/org/fusesource/jansi/jansi-native/1.8/jansi-native-1.8-sources.jar
2019-03-12 19:19:23,078 [Worker-15: Searching...] INFO  o.e.m.c.i.e.AbstractTransferListenerAdapter - Downloaded https://repo.maven.apache.org/maven2/org/fusesource/jansi/jansi-native/1.8/jansi-native-1.8-sources.jar
2019-03-12 19:19:23,569 [Worker-15: Searching...] INFO  o.e.m.c.i.e.AbstractTransferListenerAdapter - Downloading https://repo.maven.apache.org/maven2/org/fusesource/jansi/jansi-osx/1.8/jansi-osx-1.8-sources.jar
2019-03-12 19:19:23,753 [Worker-15: Searching...] INFO  o.e.m.c.i.e.AbstractTransferListenerAdapter - Downloaded https://repo.maven.apache.org/maven2/org/fusesource/jansi/jansi-osx/1.8/jansi-osx-1.8-sources.jar
2019-03-12 19:19:24,508 [Worker-15: Searching...] INFO  o.e.m.c.i.e.AbstractTransferListenerAdapter - Downloading https://repo.maven.apache.org/maven2/org/fusesource/jansi/jansi-windows32/1.8/jansi-windows32-1.8-sources.jar
2019-03-12 19:19:24,728 [Worker-15: Searching...] INFO  o.e.m.c.i.e.AbstractTransferListenerAdapter - Downloaded https://repo.maven.apache.org/maven2/org/fusesource/jansi/jansi-windows32/1.8/jansi-windows32-1.8-sources.jar
2019-03-12 19:19:25,423 [Worker-15: Searching...] INFO  o.e.m.c.i.e.AbstractTransferListenerAdapter - Downloading https://repo.maven.apache.org/maven2/org/fusesource/jansi/jansi-windows64/1.8/jansi-windows64-1.8-sources.jar
2019-03-12 19:19:25,624 [Worker-15: Searching...] INFO  o.e.m.c.i.e.AbstractTransferListenerAdapter - Downloaded https://repo.maven.apache.org/maven2/org/fusesource/jansi/jansi-windows64/1.8/jansi-windows64-1.8-sources.jar
2019-03-12 19:19:26,350 [Worker-15: Searching...] INFO  o.e.m.c.i.e.AbstractTransferListenerAdapter - Downloading https://repo.maven.apache.org/maven2/org/fusesource/jansi/jansi/1.17/jansi-1.17-sources.jar
2019-03-12 19:19:26,629 [Worker-15: Searching...] INFO  o.e.m.c.i.e.AbstractTransferListenerAdapter - Downloaded https://repo.maven.apache.org/maven2/org/fusesource/jansi/jansi/1.17/jansi-1.17-sources.jar
2019-03-12 19:19:27,765 [Worker-15: Searching...] INFO  o.e.m.c.i.e.AbstractTransferListenerAdapter - Downloading https://repo.maven.apache.org/maven2/org/apache/maven/maven-settings-builder/3.5.3/maven-settings-builder-3.5.3-sources.jar
2019-03-12 19:19:28,142 [Worker-15: Searching...] INFO  o.e.m.c.i.e.AbstractTransferListenerAdapter - Downloaded https://repo.maven.apache.org/maven2/org/apache/maven/maven-settings-builder/3.5.3/maven-settings-builder-3.5.3-sources.jar
2019-03-12 19:19:29,453 [Worker-15: Searching...] INFO  o.e.m.c.i.e.AbstractTransferListenerAdapter - Downloading https://repo.maven.apache.org/maven2/org/apache/maven/maven-compat/3.5.3/maven-compat-3.5.3-sources.jar
2019-03-12 19:19:30,411 [Worker-15: Searching...] INFO  o.e.m.c.i.e.AbstractTransferListenerAdapter - Downloaded https://repo.maven.apache.org/maven2/org/apache/maven/maven-compat/3.5.3/maven-compat-3.5.3-sources.jar
2019-03-12 19:19:31,033 [Worker-15: Searching...] INFO  o.e.m.c.i.e.AbstractTransferListenerAdapter - Downloading https://repo.maven.apache.org/maven2/org/apache/maven/maven-embedder/3.5.3/maven-embedder-3.5.3-sources.jar
2019-03-12 19:19:31,458 [Worker-15: Searching...] INFO  o.e.m.c.i.e.AbstractTransferListenerAdapter - Downloaded https://repo.maven.apache.org/maven2/org/apache/maven/maven-embedder/3.5.3/maven-embedder-3.5.3-sources.jar
2019-03-12 19:19:32,100 [Worker-15: Searching...] INFO  o.e.m.c.i.e.AbstractTransferListenerAdapter - Downloading https://repo.maven.apache.org/maven2/javax/enterprise/cdi-api/1.0/cdi-api-1.0-sources.jar
2019-03-12 19:19:33,027 [Worker-15: Searching...] INFO  o.e.m.c.i.e.AbstractTransferListenerAdapter - Downloaded https://repo.maven.apache.org/maven2/javax/enterprise/cdi-api/1.0/cdi-api-1.0-sources.jar
2019-03-12 19:19:49,671 [Worker-15: Searching...] INFO  o.e.m.c.i.e.AbstractTransferListenerAdapter - Downloading https://repo.maven.apache.org/maven2/org/apache/maven/maven-settings/3.5.3/maven-settings-3.5.3-sources.jar
2019-03-12 19:19:50,481 [Worker-15: Searching...] INFO  o.e.m.c.i.e.AbstractTransferListenerAdapter - Downloaded https://repo.maven.apache.org/maven2/org/apache/maven/maven-settings/3.5.3/maven-settings-3.5.3-sources.jar
2019-03-12 19:19:51,071 [Worker-15: Searching...] INFO  o.e.m.c.i.e.AbstractTransferListenerAdapter - Downloading https://repo.maven.apache.org/maven2/org/apache/maven/resolver/maven-resolver-api/1.1.1/maven-resolver-api-1.1.1-sources.jar
2019-03-12 19:19:51,824 [Worker-15: Searching...] INFO  o.e.m.c.i.e.AbstractTransferListenerAdapter - Downloaded https://repo.maven.apache.org/maven2/org/apache/maven/resolver/maven-resolver-api/1.1.1/maven-resolver-api-1.1.1-sources.jar
2019-03-12 19:19:52,455 [Worker-15: Searching...] INFO  o.e.m.c.i.e.AbstractTransferListenerAdapter - Downloading https://repo.maven.apache.org/maven2/org/codehaus/plexus/plexus-component-annotations/1.7.1/plexus-component-annotations-1.7.1-sources.jar
2019-03-12 19:19:52,590 [Worker-15: Searching...] INFO  o.e.m.c.i.e.AbstractTransferListenerAdapter - Downloaded https://repo.maven.apache.org/maven2/org/codehaus/plexus/plexus-component-annotations/1.7.1/plexus-component-annotations-1.7.1-sources.jar
2019-03-12 19:19:53,281 [Worker-15: Searching...] INFO  o.e.m.c.i.e.AbstractTransferListenerAdapter - Downloading https://repo.maven.apache.org/maven2/org/apache/maven/resolver/maven-resolver-impl/1.1.1/maven-resolver-impl-1.1.1-sources.jar
2019-03-12 19:19:55,172 [Worker-15: Searching...] INFO  o.e.m.c.i.e.AbstractTransferListenerAdapter - Downloaded https://repo.maven.apache.org/maven2/org/apache/maven/resolver/maven-resolver-impl/1.1.1/maven-resolver-impl-1.1.1-sources.jar
2019-03-12 19:19:56,184 [Worker-15: Searching...] INFO  o.e.m.c.i.e.AbstractTransferListenerAdapter - Downloading https://repo.maven.apache.org/maven2/com/squareup/okio/okio/1.14.0/okio-1.14.0-sources.jar
2019-03-12 19:19:57,021 [Worker-15: Searching...] INFO  o.e.m.c.i.e.AbstractTransferListenerAdapter - Downloaded https://repo.maven.apache.org/maven2/com/squareup/okio/okio/1.14.0/okio-1.14.0-sources.jar
2019-03-12 19:19:58,125 [Worker-15: Searching...] INFO  o.e.m.c.i.e.AbstractTransferListenerAdapter - Downloading https://repo.maven.apache.org/maven2/org/apache/maven/wagon/wagon-file/3.0.0/wagon-file-3.0.0-sources.jar
2019-03-12 19:19:58,247 [Worker-15: Searching...] INFO  o.e.m.c.i.e.AbstractTransferListenerAdapter - Downloaded https://repo.maven.apache.org/maven2/org/apache/maven/wagon/wagon-file/3.0.0/wagon-file-3.0.0-sources.jar
2019-03-12 19:19:59,290 [Worker-15: Searching...] INFO  o.e.m.c.i.e.AbstractTransferListenerAdapter - Downloading https://repo.maven.apache.org/maven2/org/apache/maven/maven-resolver-provider/3.5.3/maven-resolver-provider-3.5.3-sources.jar
2019-03-12 19:20:02,272 [Worker-15: Searching...] INFO  o.e.m.c.i.e.AbstractTransferListenerAdapter - Downloaded https://repo.maven.apache.org/maven2/org/apache/maven/maven-resolver-provider/3.5.3/maven-resolver-provider-3.5.3-sources.jar
2019-03-12 19:20:02,938 [Worker-15: Searching...] INFO  o.e.m.c.i.e.AbstractTransferListenerAdapter - Downloading https://repo.maven.apache.org/maven2/org/apache/maven/resolver/maven-resolver-transport-wagon/1.1.1/maven-resolver-transport-wagon-1.1.1-sources.jar
2019-03-12 19:20:03,366 [Worker-15: Searching...] INFO  o.e.m.c.i.e.AbstractTransferListenerAdapter - Downloaded https://repo.maven.apache.org/maven2/org/apache/maven/resolver/maven-resolver-transport-wagon/1.1.1/maven-resolver-transport-wagon-1.1.1-sources.jar
2019-03-12 19:20:04,372 [Worker-15: Searching...] INFO  o.e.m.c.i.e.AbstractTransferListenerAdapter - Downloading https://repo.maven.apache.org/maven2/org/apache/commons/commons-lang3/3.5/commons-lang3-3.5-sources.jar
2019-03-12 19:20:06,955 [Worker-15: Searching...] INFO  o.e.m.c.i.e.AbstractTransferListenerAdapter - Downloaded https://repo.maven.apache.org/maven2/org/apache/commons/commons-lang3/3.5/commons-lang3-3.5-sources.jar
2019-03-12 19:20:08,160 [Worker-15: Searching...] INFO  o.e.m.c.i.e.AbstractTransferListenerAdapter - Downloading https://repo.maven.apache.org/maven2/com/google/guava/guava/20.0/guava-20.0-sources.jar
2019-03-12 19:20:11,170 [Worker-15: Searching...] INFO  o.e.m.c.i.e.AbstractTransferListenerAdapter - Downloaded https://repo.maven.apache.org/maven2/com/google/guava/guava/20.0/guava-20.0-sources.jar
2019-03-12 19:20:11,896 [Worker-15: Searching...] INFO  o.e.m.c.i.e.AbstractTransferListenerAdapter - Downloading https://repo.maven.apache.org/maven2/org/apache/maven/resolver/maven-resolver-spi/1.1.1/maven-resolver-spi-1.1.1-sources.jar
2019-03-12 19:20:12,245 [Worker-15: Searching...] INFO  o.e.m.c.i.e.AbstractTransferListenerAdapter - Downloaded https://repo.maven.apache.org/maven2/org/apache/maven/resolver/maven-resolver-spi/1.1.1/maven-resolver-spi-1.1.1-sources.jar
2019-03-12 19:20:12,970 [Worker-15: Searching...] INFO  o.e.m.c.i.e.AbstractTransferListenerAdapter - Downloading https://repo.maven.apache.org/maven2/org/apache/maven/maven-artifact/3.5.3/maven-artifact-3.5.3-sources.jar
2019-03-12 19:20:13,314 [Worker-15: Searching...] INFO  o.e.m.c.i.e.AbstractTransferListenerAdapter - Downloaded https://repo.maven.apache.org/maven2/org/apache/maven/maven-artifact/3.5.3/maven-artifact-3.5.3-sources.jar
2019-03-12 19:20:13,882 [Worker-15: Searching...] INFO  o.e.m.c.i.e.AbstractTransferListenerAdapter - Downloading https://repo.maven.apache.org/maven2/org/codehaus/plexus/plexus-utils/3.1.0/plexus-utils-3.1.0-sources.jar
2019-03-12 19:20:14,549 [Worker-15: Searching...] INFO  o.e.m.c.i.e.AbstractTransferListenerAdapter - Downloaded https://repo.maven.apache.org/maven2/org/codehaus/plexus/plexus-utils/3.1.0/plexus-utils-3.1.0-sources.jar
2019-03-12 19:20:15,296 [Worker-15: Searching...] INFO  o.e.m.c.i.e.AbstractTransferListenerAdapter - Downloading https://repo.maven.apache.org/maven2/io/takari/aether/aether-connector-okhttp/0.17.4/aether-connector-okhttp-0.17.4-sources.jar
2019-03-12 19:20:15,488 [Worker-15: Searching...] INFO  o.e.m.c.i.e.AbstractTransferListenerAdapter - Downloaded https://repo.maven.apache.org/maven2/io/takari/aether/aether-connector-okhttp/0.17.4/aether-connector-okhttp-0.17.4-sources.jar
2019-03-12 19:20:16,459 [Worker-15: Searching...] INFO  o.e.m.c.i.e.AbstractTransferListenerAdapter - Downloading https://repo.maven.apache.org/maven2/org/apache/maven/maven-repository-metadata/3.5.3/maven-repository-metadata-3.5.3-sources.jar
2019-03-12 19:20:16,666 [Worker-15: Searching...] INFO  o.e.m.c.i.e.AbstractTransferListenerAdapter - Downloaded https://repo.maven.apache.org/maven2/org/apache/maven/maven-repository-metadata/3.5.3/maven-repository-metadata-3.5.3-sources.jar
2019-03-12 19:20:17,393 [Worker-15: Searching...] INFO  o.e.m.c.i.e.AbstractTransferListenerAdapter - Downloading https://repo.maven.apache.org/maven2/org/apache/maven/wagon/wagon-provider-api/3.0.0/wagon-provider-api-3.0.0-sources.jar
2019-03-12 19:20:17,747 [Worker-15: Searching...] INFO  o.e.m.c.i.e.AbstractTransferListenerAdapter - Downloaded https://repo.maven.apache.org/maven2/org/apache/maven/wagon/wagon-provider-api/3.0.0/wagon-provider-api-3.0.0-sources.jar
2019-03-12 19:20:19,429 [Worker-15: Searching...] INFO  o.e.m.c.i.e.AbstractTransferListenerAdapter - Downloading https://repo.maven.apache.org/maven2/org/apache/maven/maven-builder-support/3.5.3/maven-builder-support-3.5.3-sources.jar
2019-03-12 19:20:19,619 [Worker-15: Searching...] INFO  o.e.m.c.i.e.AbstractTransferListenerAdapter - Downloaded https://repo.maven.apache.org/maven2/org/apache/maven/maven-builder-support/3.5.3/maven-builder-support-3.5.3-sources.jar
2019-03-12 19:20:20,694 [Worker-15: Searching...] INFO  o.e.m.c.i.e.AbstractTransferListenerAdapter - Downloading https://repo.maven.apache.org/maven2/org/apache/maven/shared/maven-shared-utils/3.2.1/maven-shared-utils-3.2.1-sources.jar
2019-03-12 19:20:21,232 [Worker-15: Searching...] INFO  o.e.m.c.i.e.AbstractTransferListenerAdapter - Downloaded https://repo.maven.apache.org/maven2/org/apache/maven/shared/maven-shared-utils/3.2.1/maven-shared-utils-3.2.1-sources.jar
2019-03-12 19:20:21,884 [Worker-15: Searching...] INFO  o.e.m.c.i.e.AbstractTransferListenerAdapter - Downloading https://repo.maven.apache.org/maven2/org/apache/maven/maven-model-builder/3.5.3/maven-model-builder-3.5.3-sources.jar
2019-03-12 19:20:22,498 [Worker-15: Searching...] INFO  o.e.m.c.i.e.AbstractTransferListenerAdapter - Downloaded https://repo.maven.apache.org/maven2/org/apache/maven/maven-model-builder/3.5.3/maven-model-builder-3.5.3-sources.jar
2019-03-12 19:20:23,194 [Worker-15: Searching...] INFO  o.e.m.c.i.e.AbstractTransferListenerAdapter - Downloading https://repo.maven.apache.org/maven2/org/apache/maven/maven-plugin-api/3.5.3/maven-plugin-api-3.5.3-sources.jar
2019-03-12 19:20:23,488 [Worker-15: Searching...] INFO  o.e.m.c.i.e.AbstractTransferListenerAdapter - Downloaded https://repo.maven.apache.org/maven2/org/apache/maven/maven-plugin-api/3.5.3/maven-plugin-api-3.5.3-sources.jar
2019-03-12 19:20:24,752 [Worker-15: Searching...] INFO  o.e.m.c.i.e.AbstractTransferListenerAdapter - Downloading https://repo.maven.apache.org/maven2/com/squareup/okhttp3/okhttp/3.11.0/okhttp-3.11.0-sources.jar
2019-03-12 19:20:25,523 [Worker-15: Searching...] INFO  o.e.m.c.i.e.AbstractTransferListenerAdapter - Downloaded https://repo.maven.apache.org/maven2/com/squareup/okhttp3/okhttp/3.11.0/okhttp-3.11.0-sources.jar
2019-03-12 19:20:26,152 [Worker-15: Searching...] INFO  o.e.m.c.i.e.AbstractTransferListenerAdapter - Downloading https://repo.maven.apache.org/maven2/org/slf4j/slf4j-simple/1.7.5/slf4j-simple-1.7.5-sources.jar
2019-03-12 19:20:26,267 [Worker-15: Searching...] INFO  o.e.m.c.i.e.AbstractTransferListenerAdapter - Downloaded https://repo.maven.apache.org/maven2/org/slf4j/slf4j-simple/1.7.5/slf4j-simple-1.7.5-sources.jar
2019-03-12 19:26:05,450 [Worker-8: Building workspace] WARN  o.e.m.c.i.embedder.EclipseLogger - Using platform encoding (Cp1253 actually) to copy filtered resources, i.e. build is platform dependent!
2019-03-12 19:26:05,456 [Worker-8: Building workspace] INFO  o.e.m.c.i.embedder.EclipseLogger - Copying 0 resource
2019-03-12 19:26:05,462 [Worker-8: Building workspace] WARN  o.e.m.c.i.embedder.EclipseLogger - Using platform encoding (Cp1253 actually) to copy filtered resources, i.e. build is platform dependent!
2019-03-12 19:26:05,466 [Worker-8: Building workspace] INFO  o.e.m.c.i.embedder.EclipseLogger - Copying 0 resource
2019-03-12 19:26:09,051 [Worker-8: Building workspace] WARN  o.e.m.c.i.embedder.EclipseLogger - Using platform encoding (Cp1253 actually) to copy filtered resources, i.e. build is platform dependent!
2019-03-12 19:26:09,055 [Worker-8: Building workspace] INFO  o.e.m.c.i.embedder.EclipseLogger - Copying 0 resource
2019-03-12 19:26:09,059 [Worker-8: Building workspace] WARN  o.e.m.c.i.embedder.EclipseLogger - Using platform encoding (Cp1253 actually) to copy filtered resources, i.e. build is platform dependent!
2019-03-12 19:26:09,065 [Worker-8: Building workspace] INFO  o.e.m.c.i.embedder.EclipseLogger - Copying 0 resource
2019-03-12 19:26:20,876 [Worker-3: Launching Executing install in C__Users_kosma_Desktop_Seip_Seip2019_seip2019_gradeshistogram] INFO  o.e.m.i.launch.MavenLaunchDelegate - C:\Users\kosma\Desktop\Seip\Seip2019\seip2019\gradeshistogram
2019-03-12 19:26:20,876 [Worker-3: Launching Executing install in C__Users_kosma_Desktop_Seip_Seip2019_seip2019_gradeshistogram] INFO  o.e.m.i.launch.MavenLaunchDelegate -  mvn -B install
2019-03-12 19:27:15,077 [Worker-20: Building workspace] WARN  o.e.m.c.i.embedder.EclipseLogger - Using platform encoding (Cp1253 actually) to copy filtered resources, i.e. build is platform dependent!
2019-03-12 19:27:15,079 [Worker-20: Building workspace] INFO  o.e.m.c.i.embedder.EclipseLogger - Copying 0 resource
2019-03-12 19:27:15,080 [Worker-20: Building workspace] WARN  o.e.m.c.i.embedder.EclipseLogger - Using platform encoding (Cp1253 actually) to copy filtered resources, i.e. build is platform dependent!
2019-03-12 19:27:15,082 [Worker-20: Building workspace] INFO  o.e.m.c.i.embedder.EclipseLogger - Copying 0 resource
2019-03-12 19:38:37,958 [Worker-19: Building workspace] INFO  o.e.m.c.i.l.LifecycleMappingFactory - Using org.eclipse.m2e.jdt.JarLifecycleMapping lifecycle mapping for MavenProject: gr.aueb.dmst:gradeshistogram:0.0.1-SNAPSHOT @ C:\Users\kosma\Desktop\Seip\Seip2019\seip2019\gradeshistogram\pom.xml.
2019-03-12 19:38:38,177 [Worker-19: Building workspace] WARN  o.e.m.c.i.embedder.EclipseLogger - Using platform encoding (Cp1253 actually) to copy filtered resources, i.e. build is platform dependent!
2019-03-12 19:38:38,180 [Worker-19: Building workspace] INFO  o.e.m.c.i.embedder.EclipseLogger - Copying 0 resource
2019-03-12 19:38:38,182 [Worker-19: Building workspace] WARN  o.e.m.c.i.embedder.EclipseLogger - Using platform encoding (Cp1253 actually) to copy filtered resources, i.e. build is platform dependent!
2019-03-12 19:38:38,184 [Worker-19: Building workspace] INFO  o.e.m.c.i.embedder.EclipseLogger - Copying 0 resource
2019-03-12 19:38:56,835 [Worker-8: Launching Executing install in C__Users_kosma_Desktop_Seip_Seip2019_seip2019_gradeshistogram] INFO  o.e.m.i.launch.MavenLaunchDelegate - C:\Users\kosma\Desktop\Seip\Seip2019\seip2019\gradeshistogram
2019-03-12 19:38:56,836 [Worker-8: Launching Executing install in C__Users_kosma_Desktop_Seip_Seip2019_seip2019_gradeshistogram] INFO  o.e.m.i.launch.MavenLaunchDelegate -  mvn -B install
2019-03-12 19:39:03,106 [Worker-19: Building workspace] WARN  o.e.m.c.i.embedder.EclipseLogger - Using platform encoding (Cp1253 actually) to copy filtered resources, i.e. build is platform dependent!
2019-03-12 19:39:03,107 [Worker-19: Building workspace] INFO  o.e.m.c.i.embedder.EclipseLogger - Copying 0 resource
2019-03-12 19:39:03,110 [Worker-19: Building workspace] WARN  o.e.m.c.i.embedder.EclipseLogger - Using platform encoding (Cp1253 actually) to copy filtered resources, i.e. build is platform dependent!
2019-03-12 19:39:03,112 [Worker-19: Building workspace] INFO  o.e.m.c.i.embedder.EclipseLogger - Copying 0 resource
2019-03-12 19:39:33,808 [Worker-8: Launching Executing install in C__Users_kosma_Desktop_Seip_Seip2019_seip2019_gradeshistogram] INFO  o.e.m.i.launch.MavenLaunchDelegate - C:\Users\kosma\Desktop\Seip\Seip2019\seip2019\gradeshistogram
2019-03-12 19:39:33,808 [Worker-8: Launching Executing install in C__Users_kosma_Desktop_Seip_Seip2019_seip2019_gradeshistogram] INFO  o.e.m.i.launch.MavenLaunchDelegate -  mvn -B install
2019-03-12 19:39:39,650 [Worker-23: Building workspace] WARN  o.e.m.c.i.embedder.EclipseLogger - Using platform encoding (Cp1253 actually) to copy filtered resources, i.e. build is platform dependent!
2019-03-12 19:39:39,654 [Worker-23: Building workspace] INFO  o.e.m.c.i.embedder.EclipseLogger - Copying 0 resource
2019-03-12 19:39:39,657 [Worker-23: Building workspace] WARN  o.e.m.c.i.embedder.EclipseLogger - Using platform encoding (Cp1253 actually) to copy filtered resources, i.e. build is platform dependent!
2019-03-12 19:39:39,661 [Worker-23: Building workspace] INFO  o.e.m.c.i.embedder.EclipseLogger - Copying 0 resource
2019-03-12 19:59:06,797 [Worker-22: Launching Executing install in C__Users_kosma_Desktop_Seip_Seip2019_seip2019_gradeshistogram] INFO  o.e.m.i.launch.MavenLaunchDelegate - C:\Users\kosma\Desktop\Seip\Seip2019\seip2019\gradeshistogram
2019-03-12 19:59:06,798 [Worker-22: Launching Executing install in C__Users_kosma_Desktop_Seip_Seip2019_seip2019_gradeshistogram] INFO  o.e.m.i.launch.MavenLaunchDelegate -  mvn -B install
2019-03-12 19:59:12,838 [Worker-8: Building workspace] WARN  o.e.m.c.i.embedder.EclipseLogger - Using platform encoding (Cp1253 actually) to copy filtered resources, i.e. build is platform dependent!
2019-03-12 19:59:12,841 [Worker-8: Building workspace] INFO  o.e.m.c.i.embedder.EclipseLogger - Copying 0 resource
2019-03-12 19:59:12,844 [Worker-8: Building workspace] WARN  o.e.m.c.i.embedder.EclipseLogger - Using platform encoding (Cp1253 actually) to copy filtered resources, i.e. build is platform dependent!
2019-03-12 19:59:12,847 [Worker-8: Building workspace] INFO  o.e.m.c.i.embedder.EclipseLogger - Copying 0 resource
2019-03-12 20:00:18,315 [Worker-24: Launching Executing install in C__Users_kosma_Desktop_Seip_Seip2019_seip2019_gradeshistogram] INFO  o.e.m.i.launch.MavenLaunchDelegate - C:\Users\kosma\Desktop\Seip\Seip2019\seip2019\gradeshistogram
2019-03-12 20:00:18,315 [Worker-24: Launching Executing install in C__Users_kosma_Desktop_Seip_Seip2019_seip2019_gradeshistogram] INFO  o.e.m.i.launch.MavenLaunchDelegate -  mvn -B install
2019-03-12 20:00:24,152 [Worker-24: Building workspace] WARN  o.e.m.c.i.embedder.EclipseLogger - Using platform encoding (Cp1253 actually) to copy filtered resources, i.e. build is platform dependent!
2019-03-12 20:00:24,158 [Worker-24: Building workspace] INFO  o.e.m.c.i.embedder.EclipseLogger - Copying 0 resource
2019-03-12 20:00:24,160 [Worker-24: Building workspace] WARN  o.e.m.c.i.embedder.EclipseLogger - Using platform encoding (Cp1253 actually) to copy filtered resources, i.e. build is platform dependent!
2019-03-12 20:00:24,163 [Worker-24: Building workspace] INFO  o.e.m.c.i.embedder.EclipseLogger - Copying 0 resource
2019-03-12 20:09:59,466 [Worker-26: Building workspace] INFO  o.e.m.c.i.l.LifecycleMappingFactory - Using org.eclipse.m2e.jdt.JarLifecycleMapping lifecycle mapping for MavenProject: gr.aueb.dmst:gradeshistogram:0.0.1-SNAPSHOT @ C:\Users\kosma\Desktop\Seip\Seip2019\seip2019\gradeshistogram\pom.xml.
2019-03-12 20:09:59,642 [Worker-26: Building workspace] WARN  o.e.m.c.i.embedder.EclipseLogger - Using platform encoding (Cp1253 actually) to copy filtered resources, i.e. build is platform dependent!
2019-03-12 20:09:59,646 [Worker-26: Building workspace] INFO  o.e.m.c.i.embedder.EclipseLogger - Copying 0 resource
2019-03-12 20:09:59,648 [Worker-26: Building workspace] WARN  o.e.m.c.i.embedder.EclipseLogger - Using platform encoding (Cp1253 actually) to copy filtered resources, i.e. build is platform dependent!
2019-03-12 20:09:59,651 [Worker-26: Building workspace] INFO  o.e.m.c.i.embedder.EclipseLogger - Copying 0 resource
2019-03-12 20:19:24,899 [Worker-28: Launching HistogramGenerator] WARN  o.e.m.c.i.embedder.EclipseLogger - Using platform encoding (Cp1253 actually) to copy filtered resources, i.e. build is platform dependent!
2019-03-12 20:19:24,902 [Worker-28: Launching HistogramGenerator] INFO  o.e.m.c.i.embedder.EclipseLogger - Copying 0 resource
2019-03-12 20:19:24,904 [Worker-28: Launching HistogramGenerator] WARN  o.e.m.c.i.embedder.EclipseLogger - Using platform encoding (Cp1253 actually) to copy filtered resources, i.e. build is platform dependent!
2019-03-12 20:19:24,905 [Worker-28: Launching HistogramGenerator] INFO  o.e.m.c.i.embedder.EclipseLogger - Copying 0 resource
2019-03-12 20:19:44,040 [Worker-26: Launching HistogramGenerator] WARN  o.e.m.c.i.embedder.EclipseLogger - Using platform encoding (Cp1253 actually) to copy filtered resources, i.e. build is platform dependent!
2019-03-12 20:19:44,042 [Worker-26: Launching HistogramGenerator] INFO  o.e.m.c.i.embedder.EclipseLogger - Copying 0 resource
2019-03-12 20:19:44,045 [Worker-26: Launching HistogramGenerator] WARN  o.e.m.c.i.embedder.EclipseLogger - Using platform encoding (Cp1253 actually) to copy filtered resources, i.e. build is platform dependent!
2019-03-12 20:19:44,047 [Worker-26: Launching HistogramGenerator] INFO  o.e.m.c.i.embedder.EclipseLogger - Copying 0 resource
2019-03-12 20:20:33,224 [Worker-32: Launching HistogramGenerator] WARN  o.e.m.c.i.embedder.EclipseLogger - Using platform encoding (Cp1253 actually) to copy filtered resources, i.e. build is platform dependent!
2019-03-12 20:20:33,227 [Worker-32: Launching HistogramGenerator] INFO  o.e.m.c.i.embedder.EclipseLogger - Copying 0 resource
2019-03-12 20:20:33,228 [Worker-32: Launching HistogramGenerator] WARN  o.e.m.c.i.embedder.EclipseLogger - Using platform encoding (Cp1253 actually) to copy filtered resources, i.e. build is platform dependent!
2019-03-12 20:20:33,231 [Worker-32: Launching HistogramGenerator] INFO  o.e.m.c.i.embedder.EclipseLogger - Copying 0 resource
2019-03-12 20:20:42,888 [Worker-30: Building workspace] WARN  o.e.m.c.i.embedder.EclipseLogger - Using platform encoding (Cp1253 actually) to copy filtered resources, i.e. build is platform dependent!
2019-03-12 20:20:42,890 [Worker-30: Building workspace] INFO  o.e.m.c.i.embedder.EclipseLogger - Copying 0 resource
2019-03-12 20:20:42,891 [Worker-30: Building workspace] WARN  o.e.m.c.i.embedder.EclipseLogger - Using platform encoding (Cp1253 actually) to copy filtered resources, i.e. build is platform dependent!
2019-03-12 20:20:42,891 [Worker-30: Building workspace] INFO  o.e.m.c.i.embedder.EclipseLogger - Copying 0 resource
2019-03-12 20:20:59,955 [Worker-28: Building workspace] WARN  o.e.m.c.i.embedder.EclipseLogger - Using platform encoding (Cp1253 actually) to copy filtered resources, i.e. build is platform dependent!
2019-03-12 20:20:59,958 [Worker-28: Building workspace] INFO  o.e.m.c.i.embedder.EclipseLogger - Copying 0 resource
2019-03-12 20:20:59,960 [Worker-28: Building workspace] WARN  o.e.m.c.i.embedder.EclipseLogger - Using platform encoding (Cp1253 actually) to copy filtered resources, i.e. build is platform dependent!
2019-03-12 20:20:59,962 [Worker-28: Building workspace] INFO  o.e.m.c.i.embedder.EclipseLogger - Copying 0 resource
2019-03-12 20:26:55,765 [Worker-28: Launching HistogramGenerator] WARN  o.e.m.c.i.embedder.EclipseLogger - Using platform encoding (Cp1253 actually) to copy filtered resources, i.e. build is platform dependent!
2019-03-12 20:26:55,767 [Worker-28: Launching HistogramGenerator] INFO  o.e.m.c.i.embedder.EclipseLogger - Copying 0 resource
2019-03-12 20:26:55,768 [Worker-28: Launching HistogramGenerator] WARN  o.e.m.c.i.embedder.EclipseLogger - Using platform encoding (Cp1253 actually) to copy filtered resources, i.e. build is platform dependent!
2019-03-12 20:26:55,769 [Worker-28: Launching HistogramGenerator] INFO  o.e.m.c.i.embedder.EclipseLogger - Copying 0 resource
2019-03-12 20:27:30,038 [Worker-26: Building workspace] WARN  o.e.m.c.i.embedder.EclipseLogger - Using platform encoding (Cp1253 actually) to copy filtered resources, i.e. build is platform dependent!
2019-03-12 20:27:30,040 [Worker-26: Building workspace] INFO  o.e.m.c.i.embedder.EclipseLogger - Copying 0 resource
2019-03-12 20:27:30,042 [Worker-26: Building workspace] WARN  o.e.m.c.i.embedder.EclipseLogger - Using platform encoding (Cp1253 actually) to copy filtered resources, i.e. build is platform dependent!
2019-03-12 20:27:30,044 [Worker-26: Building workspace] INFO  o.e.m.c.i.embedder.EclipseLogger - Copying 0 resource
2019-03-12 20:33:57,598 [Worker-26: Building workspace] WARN  o.e.m.c.i.embedder.EclipseLogger - Using platform encoding (Cp1253 actually) to copy filtered resources, i.e. build is platform dependent!
2019-03-12 20:33:57,601 [Worker-26: Building workspace] INFO  o.e.m.c.i.embedder.EclipseLogger - Copying 0 resource
2019-03-12 20:33:57,602 [Worker-26: Building workspace] WARN  o.e.m.c.i.embedder.EclipseLogger - Using platform encoding (Cp1253 actually) to copy filtered resources, i.e. build is platform dependent!
2019-03-12 20:33:57,605 [Worker-26: Building workspace] INFO  o.e.m.c.i.embedder.EclipseLogger - Copying 0 resource
2019-03-12 20:35:46,086 [Worker-34: Launching Executing install in C__Users_kosma_Desktop_Seip_Seip2019_seip2019_gradeshistogram] INFO  o.e.m.i.launch.MavenLaunchDelegate - C:\Users\kosma\Desktop\Seip\Seip2019\seip2019\gradeshistogram
2019-03-12 20:35:46,086 [Worker-34: Launching Executing install in C__Users_kosma_Desktop_Seip_Seip2019_seip2019_gradeshistogram] INFO  o.e.m.i.launch.MavenLaunchDelegate -  mvn -B install
2019-03-12 20:35:53,112 [Worker-32: Building workspace] WARN  o.e.m.c.i.embedder.EclipseLogger - Using platform encoding (Cp1253 actually) to copy filtered resources, i.e. build is platform dependent!
2019-03-12 20:35:53,116 [Worker-32: Building workspace] INFO  o.e.m.c.i.embedder.EclipseLogger - Copying 0 resource
2019-03-12 20:35:53,120 [Worker-32: Building workspace] WARN  o.e.m.c.i.embedder.EclipseLogger - Using platform encoding (Cp1253 actually) to copy filtered resources, i.e. build is platform dependent!
2019-03-12 20:35:53,124 [Worker-32: Building workspace] INFO  o.e.m.c.i.embedder.EclipseLogger - Copying 0 resource
2019-03-12 20:36:49,235 [Worker-28: Building workspace] INFO  o.e.m.c.i.l.LifecycleMappingFactory - Using org.eclipse.m2e.jdt.JarLifecycleMapping lifecycle mapping for MavenProject: gr.aueb.dmst:gradeshistogram:0.0.1-SNAPSHOT @ C:\Users\kosma\Desktop\Seip\Seip2019\seip2019\gradeshistogram\pom.xml.
2019-03-12 20:36:49,429 [Worker-28: Building workspace] WARN  o.e.m.c.i.embedder.EclipseLogger - Using platform encoding (Cp1253 actually) to copy filtered resources, i.e. build is platform dependent!
2019-03-12 20:36:49,433 [Worker-28: Building workspace] INFO  o.e.m.c.i.embedder.EclipseLogger - Copying 0 resource
2019-03-12 20:36:49,435 [Worker-28: Building workspace] WARN  o.e.m.c.i.embedder.EclipseLogger - Using platform encoding (Cp1253 actually) to copy filtered resources, i.e. build is platform dependent!
2019-03-12 20:36:49,437 [Worker-28: Building workspace] INFO  o.e.m.c.i.embedder.EclipseLogger - Copying 0 resource
2019-03-12 20:38:01,539 [Worker-26: Launching Executing install in C__Users_kosma_Desktop_Seip_Seip2019_seip2019_gradeshistogram] INFO  o.e.m.i.launch.MavenLaunchDelegate - C:\Users\kosma\Desktop\Seip\Seip2019\seip2019\gradeshistogram
2019-03-12 20:38:01,539 [Worker-26: Launching Executing install in C__Users_kosma_Desktop_Seip_Seip2019_seip2019_gradeshistogram] INFO  o.e.m.i.launch.MavenLaunchDelegate -  mvn -B install
2019-03-12 20:38:08,192 [Worker-34: Building workspace] WARN  o.e.m.c.i.embedder.EclipseLogger - Using platform encoding (Cp1253 actually) to copy filtered resources, i.e. build is platform dependent!
2019-03-12 20:38:08,196 [Worker-34: Building workspace] INFO  o.e.m.c.i.embedder.EclipseLogger - Copying 0 resource
2019-03-12 20:38:08,199 [Worker-34: Building workspace] WARN  o.e.m.c.i.embedder.EclipseLogger - Using platform encoding (Cp1253 actually) to copy filtered resources, i.e. build is platform dependent!
2019-03-12 20:38:08,204 [Worker-34: Building workspace] INFO  o.e.m.c.i.embedder.EclipseLogger - Copying 0 resource
2019-03-12 20:42:18,405 [Worker-26: Building workspace] WARN  o.e.m.c.i.embedder.EclipseLogger - Using platform encoding (Cp1253 actually) to copy filtered resources, i.e. build is platform dependent!
2019-03-12 20:42:18,408 [Worker-26: Building workspace] INFO  o.e.m.c.i.embedder.EclipseLogger - Copying 0 resource
2019-03-12 20:42:18,410 [Worker-26: Building workspace] WARN  o.e.m.c.i.embedder.EclipseLogger - Using platform encoding (Cp1253 actually) to copy filtered resources, i.e. build is platform dependent!
2019-03-12 20:42:18,412 [Worker-26: Building workspace] INFO  o.e.m.c.i.embedder.EclipseLogger - Copying 0 resource
2019-03-12 21:08:05,098 [Worker-31: Building workspace] WARN  o.e.m.c.i.embedder.EclipseLogger - Using platform encoding (Cp1253 actually) to copy filtered resources, i.e. build is platform dependent!
2019-03-12 21:08:05,104 [Worker-31: Building workspace] INFO  o.e.m.c.i.embedder.EclipseLogger - Copying 0 resource
2019-03-12 21:08:05,106 [Worker-31: Building workspace] WARN  o.e.m.c.i.embedder.EclipseLogger - Using platform encoding (Cp1253 actually) to copy filtered resources, i.e. build is platform dependent!
2019-03-12 21:08:05,109 [Worker-31: Building workspace] INFO  o.e.m.c.i.embedder.EclipseLogger - Copying 0 resource
2019-03-12 21:08:19,476 [Worker-40: Building workspace] WARN  o.e.m.c.i.embedder.EclipseLogger - Using platform encoding (Cp1253 actually) to copy filtered resources, i.e. build is platform dependent!
2019-03-12 21:08:19,478 [Worker-40: Building workspace] INFO  o.e.m.c.i.embedder.EclipseLogger - Copying 0 resource
2019-03-12 21:08:19,479 [Worker-40: Building workspace] WARN  o.e.m.c.i.embedder.EclipseLogger - Using platform encoding (Cp1253 actually) to copy filtered resources, i.e. build is platform dependent!
2019-03-12 21:08:19,481 [Worker-40: Building workspace] INFO  o.e.m.c.i.embedder.EclipseLogger - Copying 0 resource
2019-03-12 21:09:36,698 [Worker-38: Building workspace] WARN  o.e.m.c.i.embedder.EclipseLogger - Using platform encoding (Cp1253 actually) to copy filtered resources, i.e. build is platform dependent!
2019-03-12 21:09:36,701 [Worker-38: Building workspace] INFO  o.e.m.c.i.embedder.EclipseLogger - Copying 0 resource
2019-03-12 21:09:36,703 [Worker-38: Building workspace] WARN  o.e.m.c.i.embedder.EclipseLogger - Using platform encoding (Cp1253 actually) to copy filtered resources, i.e. build is platform dependent!
2019-03-12 21:09:36,705 [Worker-38: Building workspace] INFO  o.e.m.c.i.embedder.EclipseLogger - Copying 0 resource
2019-03-12 21:11:36,044 [Worker-37: Building workspace] WARN  o.e.m.c.i.embedder.EclipseLogger - Using platform encoding (Cp1253 actually) to copy filtered resources, i.e. build is platform dependent!
2019-03-12 21:11:36,045 [Worker-37: Building workspace] INFO  o.e.m.c.i.embedder.EclipseLogger - Copying 0 resource
2019-03-12 21:11:36,047 [Worker-37: Building workspace] WARN  o.e.m.c.i.embedder.EclipseLogger - Using platform encoding (Cp1253 actually) to copy filtered resources, i.e. build is platform dependent!
2019-03-12 21:11:36,049 [Worker-37: Building workspace] INFO  o.e.m.c.i.embedder.EclipseLogger - Copying 0 resource
2019-03-12 21:12:18,318 [Worker-42: Building workspace] WARN  o.e.m.c.i.embedder.EclipseLogger - Using platform encoding (Cp1253 actually) to copy filtered resources, i.e. build is platform dependent!
2019-03-12 21:12:18,324 [Worker-42: Building workspace] INFO  o.e.m.c.i.embedder.EclipseLogger - Copying 0 resource
2019-03-12 21:12:18,326 [Worker-42: Building workspace] WARN  o.e.m.c.i.embedder.EclipseLogger - Using platform encoding (Cp1253 actually) to copy filtered resources, i.e. build is platform dependent!
2019-03-12 21:12:18,328 [Worker-42: Building workspace] INFO  o.e.m.c.i.embedder.EclipseLogger - Copying 0 resource
2019-03-12 21:23:35,782 [Worker-38: Building workspace] WARN  o.e.m.c.i.embedder.EclipseLogger - Using platform encoding (Cp1253 actually) to copy filtered resources, i.e. build is platform dependent!
2019-03-12 21:23:35,784 [Worker-38: Building workspace] INFO  o.e.m.c.i.embedder.EclipseLogger - Copying 0 resource
2019-03-12 21:23:35,786 [Worker-38: Building workspace] WARN  o.e.m.c.i.embedder.EclipseLogger - Using platform encoding (Cp1253 actually) to copy filtered resources, i.e. build is platform dependent!
2019-03-12 21:23:35,789 [Worker-38: Building workspace] INFO  o.e.m.c.i.embedder.EclipseLogger - Copying 0 resource
2019-03-12 21:25:04,841 [Worker-43: Building workspace] WARN  o.e.m.c.i.embedder.EclipseLogger - Using platform encoding (Cp1253 actually) to copy filtered resources, i.e. build is platform dependent!
2019-03-12 21:25:04,844 [Worker-43: Building workspace] INFO  o.e.m.c.i.embedder.EclipseLogger - Copying 0 resource
2019-03-12 21:25:04,845 [Worker-43: Building workspace] WARN  o.e.m.c.i.embedder.EclipseLogger - Using platform encoding (Cp1253 actually) to copy filtered resources, i.e. build is platform dependent!
2019-03-12 21:25:04,846 [Worker-43: Building workspace] INFO  o.e.m.c.i.embedder.EclipseLogger - Copying 0 resource
2019-03-12 21:26:57,807 [Worker-45: Building workspace] WARN  o.e.m.c.i.embedder.EclipseLogger - Using platform encoding (Cp1253 actually) to copy filtered resources, i.e. build is platform dependent!
2019-03-12 21:26:57,810 [Worker-45: Building workspace] INFO  o.e.m.c.i.embedder.EclipseLogger - Copying 0 resource
2019-03-12 21:26:57,812 [Worker-45: Building workspace] WARN  o.e.m.c.i.embedder.EclipseLogger - Using platform encoding (Cp1253 actually) to copy filtered resources, i.e. build is platform dependent!
2019-03-12 21:26:57,815 [Worker-45: Building workspace] INFO  o.e.m.c.i.embedder.EclipseLogger - Copying 0 resource
2019-03-12 21:27:26,179 [Worker-43: Building workspace] WARN  o.e.m.c.i.embedder.EclipseLogger - Using platform encoding (Cp1253 actually) to copy filtered resources, i.e. build is platform dependent!
2019-03-12 21:27:26,181 [Worker-43: Building workspace] INFO  o.e.m.c.i.embedder.EclipseLogger - Copying 0 resource
2019-03-12 21:27:26,183 [Worker-43: Building workspace] WARN  o.e.m.c.i.embedder.EclipseLogger - Using platform encoding (Cp1253 actually) to copy filtered resources, i.e. build is platform dependent!
2019-03-12 21:27:26,185 [Worker-43: Building workspace] INFO  o.e.m.c.i.embedder.EclipseLogger - Copying 0 resource
2019-03-12 21:30:52,040 [Worker-46: Building workspace] WARN  o.e.m.c.i.embedder.EclipseLogger - Using platform encoding (Cp1253 actually) to copy filtered resources, i.e. build is platform dependent!
2019-03-12 21:30:52,045 [Worker-46: Building workspace] INFO  o.e.m.c.i.embedder.EclipseLogger - Copying 0 resource
2019-03-12 21:30:52,046 [Worker-46: Building workspace] WARN  o.e.m.c.i.embedder.EclipseLogger - Using platform encoding (Cp1253 actually) to copy filtered resources, i.e. build is platform dependent!
2019-03-12 21:30:52,048 [Worker-46: Building workspace] INFO  o.e.m.c.i.embedder.EclipseLogger - Copying 0 resource
2019-03-12 21:39:42,472 [Worker-46: Building workspace] WARN  o.e.m.c.i.embedder.EclipseLogger - Using platform encoding (Cp1253 actually) to copy filtered resources, i.e. build is platform dependent!
2019-03-12 21:39:42,475 [Worker-46: Building workspace] INFO  o.e.m.c.i.embedder.EclipseLogger - Copying 0 resource
2019-03-12 21:39:42,476 [Worker-46: Building workspace] WARN  o.e.m.c.i.embedder.EclipseLogger - Using platform encoding (Cp1253 actually) to copy filtered resources, i.e. build is platform dependent!
2019-03-12 21:39:42,478 [Worker-46: Building workspace] INFO  o.e.m.c.i.embedder.EclipseLogger - Copying 0 resource
2019-03-12 21:41:12,327 [Worker-31: Building workspace] WARN  o.e.m.c.i.embedder.EclipseLogger - Using platform encoding (Cp1253 actually) to copy filtered resources, i.e. build is platform dependent!
2019-03-12 21:41:12,330 [Worker-31: Building workspace] INFO  o.e.m.c.i.embedder.EclipseLogger - Copying 0 resource
2019-03-12 21:41:12,331 [Worker-31: Building workspace] WARN  o.e.m.c.i.embedder.EclipseLogger - Using platform encoding (Cp1253 actually) to copy filtered resources, i.e. build is platform dependent!
2019-03-12 21:41:12,333 [Worker-31: Building workspace] INFO  o.e.m.c.i.embedder.EclipseLogger - Copying 0 resource
2019-03-12 21:51:26,977 [Worker-31: Building workspace] WARN  o.e.m.c.i.embedder.EclipseLogger - Using platform encoding (Cp1253 actually) to copy filtered resources, i.e. build is platform dependent!
2019-03-12 21:51:26,979 [Worker-31: Building workspace] INFO  o.e.m.c.i.embedder.EclipseLogger - Copying 0 resource
2019-03-12 21:51:26,982 [Worker-31: Building workspace] WARN  o.e.m.c.i.embedder.EclipseLogger - Using platform encoding (Cp1253 actually) to copy filtered resources, i.e. build is platform dependent!
2019-03-12 21:51:26,983 [Worker-31: Building workspace] INFO  o.e.m.c.i.embedder.EclipseLogger - Copying 0 resource
2019-03-12 21:53:04,033 [Worker-51: Building workspace] WARN  o.e.m.c.i.embedder.EclipseLogger - Using platform encoding (Cp1253 actually) to copy filtered resources, i.e. build is platform dependent!
2019-03-12 21:53:04,036 [Worker-51: Building workspace] INFO  o.e.m.c.i.embedder.EclipseLogger - Copying 0 resource
2019-03-12 21:53:04,037 [Worker-51: Building workspace] WARN  o.e.m.c.i.embedder.EclipseLogger - Using platform encoding (Cp1253 actually) to copy filtered resources, i.e. build is platform dependent!
2019-03-12 21:53:04,039 [Worker-51: Building workspace] INFO  o.e.m.c.i.embedder.EclipseLogger - Copying 0 resource
2019-03-12 22:05:31,439 [Worker-47: Building workspace] WARN  o.e.m.c.i.embedder.EclipseLogger - Using platform encoding (Cp1253 actually) to copy filtered resources, i.e. build is platform dependent!
2019-03-12 22:05:31,441 [Worker-47: Building workspace] INFO  o.e.m.c.i.embedder.EclipseLogger - Copying 0 resource
2019-03-12 22:05:31,443 [Worker-47: Building workspace] WARN  o.e.m.c.i.embedder.EclipseLogger - Using platform encoding (Cp1253 actually) to copy filtered resources, i.e. build is platform dependent!
2019-03-12 22:05:31,444 [Worker-47: Building workspace] INFO  o.e.m.c.i.embedder.EclipseLogger - Copying 0 resource
2019-03-12 22:06:25,694 [Worker-57: Building workspace] WARN  o.e.m.c.i.embedder.EclipseLogger - Using platform encoding (Cp1253 actually) to copy filtered resources, i.e. build is platform dependent!
2019-03-12 22:06:25,696 [Worker-57: Building workspace] INFO  o.e.m.c.i.embedder.EclipseLogger - Copying 0 resource
2019-03-12 22:06:25,697 [Worker-57: Building workspace] WARN  o.e.m.c.i.embedder.EclipseLogger - Using platform encoding (Cp1253 actually) to copy filtered resources, i.e. build is platform dependent!
2019-03-12 22:06:25,698 [Worker-57: Building workspace] INFO  o.e.m.c.i.embedder.EclipseLogger - Copying 0 resource
2019-03-12 22:06:48,002 [Worker-53: Building workspace] WARN  o.e.m.c.i.embedder.EclipseLogger - Using platform encoding (Cp1253 actually) to copy filtered resources, i.e. build is platform dependent!
2019-03-12 22:06:48,004 [Worker-53: Building workspace] INFO  o.e.m.c.i.embedder.EclipseLogger - Copying 0 resource
2019-03-12 22:06:48,005 [Worker-53: Building workspace] WARN  o.e.m.c.i.embedder.EclipseLogger - Using platform encoding (Cp1253 actually) to copy filtered resources, i.e. build is platform dependent!
2019-03-12 22:06:48,007 [Worker-53: Building workspace] INFO  o.e.m.c.i.embedder.EclipseLogger - Copying 0 resource
2019-03-12 22:07:58,264 [Worker-54: Launching HistogramGenerator] WARN  o.e.m.c.i.embedder.EclipseLogger - Using platform encoding (Cp1253 actually) to copy filtered resources, i.e. build is platform dependent!
2019-03-12 22:07:58,266 [Worker-54: Launching HistogramGenerator] INFO  o.e.m.c.i.embedder.EclipseLogger - Copying 0 resource
2019-03-12 22:07:58,267 [Worker-54: Launching HistogramGenerator] WARN  o.e.m.c.i.embedder.EclipseLogger - Using platform encoding (Cp1253 actually) to copy filtered resources, i.e. build is platform dependent!
2019-03-12 22:07:58,269 [Worker-54: Launching HistogramGenerator] INFO  o.e.m.c.i.embedder.EclipseLogger - Copying 0 resource
2019-03-12 22:09:27,020 [Worker-54: Building workspace] WARN  o.e.m.c.i.embedder.EclipseLogger - Using platform encoding (Cp1253 actually) to copy filtered resources, i.e. build is platform dependent!
2019-03-12 22:09:27,022 [Worker-54: Building workspace] INFO  o.e.m.c.i.embedder.EclipseLogger - Copying 0 resource
2019-03-12 22:09:27,023 [Worker-54: Building workspace] WARN  o.e.m.c.i.embedder.EclipseLogger - Using platform encoding (Cp1253 actually) to copy filtered resources, i.e. build is platform dependent!
2019-03-12 22:09:27,024 [Worker-54: Building workspace] INFO  o.e.m.c.i.embedder.EclipseLogger - Copying 0 resource
2019-03-12 22:10:12,940 [Worker-53: Launching HistogramGenerator] WARN  o.e.m.c.i.embedder.EclipseLogger - Using platform encoding (Cp1253 actually) to copy filtered resources, i.e. build is platform dependent!
2019-03-12 22:10:12,941 [Worker-53: Launching HistogramGenerator] INFO  o.e.m.c.i.embedder.EclipseLogger - Copying 0 resource
2019-03-12 22:10:12,943 [Worker-53: Launching HistogramGenerator] WARN  o.e.m.c.i.embedder.EclipseLogger - Using platform encoding (Cp1253 actually) to copy filtered resources, i.e. build is platform dependent!
2019-03-12 22:10:12,944 [Worker-53: Launching HistogramGenerator] INFO  o.e.m.c.i.embedder.EclipseLogger - Copying 0 resource
2019-03-12 22:10:22,699 [Worker-57: Building workspace] WARN  o.e.m.c.i.embedder.EclipseLogger - Using platform encoding (Cp1253 actually) to copy filtered resources, i.e. build is platform dependent!
2019-03-12 22:10:22,701 [Worker-57: Building workspace] INFO  o.e.m.c.i.embedder.EclipseLogger - Copying 0 resource
2019-03-12 22:10:22,702 [Worker-57: Building workspace] WARN  o.e.m.c.i.embedder.EclipseLogger - Using platform encoding (Cp1253 actually) to copy filtered resources, i.e. build is platform dependent!
2019-03-12 22:10:22,703 [Worker-57: Building workspace] INFO  o.e.m.c.i.embedder.EclipseLogger - Copying 0 resource
2019-03-12 22:11:08,621 [Worker-47: Building workspace] WARN  o.e.m.c.i.embedder.EclipseLogger - Using platform encoding (Cp1253 actually) to copy filtered resources, i.e. build is platform dependent!
2019-03-12 22:11:08,622 [Worker-47: Building workspace] INFO  o.e.m.c.i.embedder.EclipseLogger - Copying 0 resource
2019-03-12 22:11:08,623 [Worker-47: Building workspace] WARN  o.e.m.c.i.embedder.EclipseLogger - Using platform encoding (Cp1253 actually) to copy filtered resources, i.e. build is platform dependent!
2019-03-12 22:11:08,624 [Worker-47: Building workspace] INFO  o.e.m.c.i.embedder.EclipseLogger - Copying 0 resource
2019-03-12 22:11:21,702 [Worker-56: Building workspace] WARN  o.e.m.c.i.embedder.EclipseLogger - Using platform encoding (Cp1253 actually) to copy filtered resources, i.e. build is platform dependent!
2019-03-12 22:11:21,704 [Worker-56: Building workspace] INFO  o.e.m.c.i.embedder.EclipseLogger - Copying 0 resource
2019-03-12 22:11:21,705 [Worker-56: Building workspace] WARN  o.e.m.c.i.embedder.EclipseLogger - Using platform encoding (Cp1253 actually) to copy filtered resources, i.e. build is platform dependent!
2019-03-12 22:11:21,707 [Worker-56: Building workspace] INFO  o.e.m.c.i.embedder.EclipseLogger - Copying 0 resource
2019-03-12 22:11:49,254 [Worker-50: Building workspace] WARN  o.e.m.c.i.embedder.EclipseLogger - Using platform encoding (Cp1253 actually) to copy filtered resources, i.e. build is platform dependent!
2019-03-12 22:11:49,256 [Worker-50: Building workspace] INFO  o.e.m.c.i.embedder.EclipseLogger - Copying 0 resource
2019-03-12 22:11:49,257 [Worker-50: Building workspace] WARN  o.e.m.c.i.embedder.EclipseLogger - Using platform encoding (Cp1253 actually) to copy filtered resources, i.e. build is platform dependent!
2019-03-12 22:11:49,258 [Worker-50: Building workspace] INFO  o.e.m.c.i.embedder.EclipseLogger - Copying 0 resource
2019-03-12 22:16:07,353 [Worker-1: Loading available Gradle versions] INFO  o.e.b.c.i.u.g.PublishedGradleVersions - Gradle version information cache is up-to-date. Trying to read.
2019-03-12 22:16:30,583 [Worker-0: Launching Executing install in C__Users_kosma_Desktop_Seip_Seip2019_seip2019_gradeshistogram] INFO  o.e.m.i.launch.MavenLaunchDelegate - C:\Users\kosma\Desktop\Seip\Seip2019\seip2019\gradeshistogram
2019-03-12 22:16:30,590 [Worker-0: Launching Executing install in C__Users_kosma_Desktop_Seip_Seip2019_seip2019_gradeshistogram] INFO  o.e.m.i.launch.MavenLaunchDelegate -  mvn -B install
2019-03-12 22:16:36,223 [Worker-1: Building workspace] WARN  o.e.m.c.i.embedder.EclipseLogger - Using platform encoding (Cp1253 actually) to copy filtered resources, i.e. build is platform dependent!
2019-03-12 22:16:36,229 [Worker-1: Building workspace] INFO  o.e.m.c.i.embedder.EclipseLogger - Copying 0 resource
2019-03-12 22:16:36,232 [Worker-1: Building workspace] WARN  o.e.m.c.i.embedder.EclipseLogger - Using platform encoding (Cp1253 actually) to copy filtered resources, i.e. build is platform dependent!
2019-03-12 22:16:36,233 [Worker-1: Building workspace] INFO  o.e.m.c.i.embedder.EclipseLogger - Copying 0 resource
2019-03-12 22:45:10,166 [Worker-14: Building workspace] WARN  o.e.m.c.i.embedder.EclipseLogger - Using platform encoding (Cp1253 actually) to copy filtered resources, i.e. build is platform dependent!
2019-03-12 22:45:10,172 [Worker-14: Building workspace] INFO  o.e.m.c.i.embedder.EclipseLogger - Copying 0 resource
2019-03-12 22:45:10,174 [Worker-14: Building workspace] WARN  o.e.m.c.i.embedder.EclipseLogger - Using platform encoding (Cp1253 actually) to copy filtered resources, i.e. build is platform dependent!
2019-03-12 22:45:10,175 [Worker-14: Building workspace] INFO  o.e.m.c.i.embedder.EclipseLogger - Copying 0 resource
2019-03-12 22:57:06,896 [Worker-17: Building workspace] WARN  o.e.m.c.i.embedder.EclipseLogger - Using platform encoding (Cp1253 actually) to copy filtered resources, i.e. build is platform dependent!
2019-03-12 22:57:06,900 [Worker-17: Building workspace] INFO  o.e.m.c.i.embedder.EclipseLogger - Copying 0 resource
2019-03-12 22:57:06,901 [Worker-17: Building workspace] WARN  o.e.m.c.i.embedder.EclipseLogger - Using platform encoding (Cp1253 actually) to copy filtered resources, i.e. build is platform dependent!
2019-03-12 22:57:06,903 [Worker-17: Building workspace] INFO  o.e.m.c.i.embedder.EclipseLogger - Copying 0 resource
2019-03-12 22:58:20,457 [Worker-19: Launching Executing install in C__Users_kosma_Desktop_Seip_Seip2019_seip2019_gradeshistogram] INFO  o.e.m.i.launch.MavenLaunchDelegate - C:\Users\kosma\Desktop\Seip\Seip2019\seip2019\gradeshistogram
2019-03-12 22:58:20,458 [Worker-19: Launching Executing install in C__Users_kosma_Desktop_Seip_Seip2019_seip2019_gradeshistogram] INFO  o.e.m.i.launch.MavenLaunchDelegate -  mvn -B install
2019-03-12 22:58:25,518 [Worker-20: Building workspace] WARN  o.e.m.c.i.embedder.EclipseLogger - Using platform encoding (Cp1253 actually) to copy filtered resources, i.e. build is platform dependent!
2019-03-12 22:58:25,519 [Worker-20: Building workspace] INFO  o.e.m.c.i.embedder.EclipseLogger - Copying 0 resource
2019-03-12 22:58:25,521 [Worker-20: Building workspace] WARN  o.e.m.c.i.embedder.EclipseLogger - Using platform encoding (Cp1253 actually) to copy filtered resources, i.e. build is platform dependent!
2019-03-12 22:58:25,523 [Worker-20: Building workspace] INFO  o.e.m.c.i.embedder.EclipseLogger - Copying 0 resource
2019-03-12 22:59:52,602 [Worker-21: Launching Executing install in C__Users_kosma_Desktop_Seip_Seip2019_seip2019_gradeshistogram] INFO  o.e.m.i.launch.MavenLaunchDelegate - C:\Users\kosma\Desktop\Seip\Seip2019\seip2019\gradeshistogram
2019-03-12 22:59:52,603 [Worker-21: Launching Executing install in C__Users_kosma_Desktop_Seip_Seip2019_seip2019_gradeshistogram] INFO  o.e.m.i.launch.MavenLaunchDelegate -  mvn -B install
2019-03-12 22:59:57,290 [Worker-21: Building workspace] WARN  o.e.m.c.i.embedder.EclipseLogger - Using platform encoding (Cp1253 actually) to copy filtered resources, i.e. build is platform dependent!
2019-03-12 22:59:57,293 [Worker-21: Building workspace] INFO  o.e.m.c.i.embedder.EclipseLogger - Copying 0 resource
2019-03-12 22:59:57,296 [Worker-21: Building workspace] WARN  o.e.m.c.i.embedder.EclipseLogger - Using platform encoding (Cp1253 actually) to copy filtered resources, i.e. build is platform dependent!
2019-03-12 22:59:57,298 [Worker-21: Building workspace] INFO  o.e.m.c.i.embedder.EclipseLogger - Copying 0 resource
2019-03-12 23:26:00,020 [Worker-21: Building workspace] WARN  o.e.m.c.i.embedder.EclipseLogger - Using platform encoding (Cp1253 actually) to copy filtered resources, i.e. build is platform dependent!
2019-03-12 23:26:00,023 [Worker-21: Building workspace] INFO  o.e.m.c.i.embedder.EclipseLogger - Copying 0 resource
2019-03-12 23:26:00,027 [Worker-21: Building workspace] WARN  o.e.m.c.i.embedder.EclipseLogger - Using platform encoding (Cp1253 actually) to copy filtered resources, i.e. build is platform dependent!
2019-03-12 23:26:00,029 [Worker-21: Building workspace] INFO  o.e.m.c.i.embedder.EclipseLogger - Copying 0 resource
2019-03-12 23:27:28,294 [Worker-22: Rebuilding] WARN  o.e.m.c.i.embedder.EclipseLogger - Using platform encoding (Cp1253 actually) to copy filtered resources, i.e. build is platform dependent!
2019-03-12 23:27:28,297 [Worker-22: Rebuilding] INFO  o.e.m.c.i.embedder.EclipseLogger - Copying 0 resource
2019-03-12 23:27:28,299 [Worker-22: Rebuilding] WARN  o.e.m.c.i.embedder.EclipseLogger - Using platform encoding (Cp1253 actually) to copy filtered resources, i.e. build is platform dependent!
2019-03-12 23:27:28,301 [Worker-22: Rebuilding] INFO  o.e.m.c.i.embedder.EclipseLogger - Copying 0 resource
2019-03-12 23:27:43,233 [Worker-22: Launching Executing install in C__Users_kosma_Desktop_Seip_Seip2019_seip2019_gradeshistogram] INFO  o.e.m.i.launch.MavenLaunchDelegate - C:\Users\kosma\Desktop\Seip\Seip2019\seip2019\gradeshistogram
2019-03-12 23:27:43,234 [Worker-22: Launching Executing install in C__Users_kosma_Desktop_Seip_Seip2019_seip2019_gradeshistogram] INFO  o.e.m.i.launch.MavenLaunchDelegate -  mvn -B install
2019-03-12 23:27:49,465 [Worker-25: Building workspace] WARN  o.e.m.c.i.embedder.EclipseLogger - Using platform encoding (Cp1253 actually) to copy filtered resources, i.e. build is platform dependent!
2019-03-12 23:27:49,468 [Worker-25: Building workspace] INFO  o.e.m.c.i.embedder.EclipseLogger - Copying 0 resource
2019-03-12 23:27:49,473 [Worker-25: Building workspace] WARN  o.e.m.c.i.embedder.EclipseLogger - Using platform encoding (Cp1253 actually) to copy filtered resources, i.e. build is platform dependent!
2019-03-12 23:27:49,477 [Worker-25: Building workspace] INFO  o.e.m.c.i.embedder.EclipseLogger - Copying 0 resource
2019-03-12 23:33:24,156 [Worker-25: Launching Executing install in C__Users_kosma_Desktop_Seip_Seip2019_seip2019_gradeshistogram] INFO  o.e.m.i.launch.MavenLaunchDelegate - C:\Users\kosma\Desktop\Seip\Seip2019\seip2019\gradeshistogram
2019-03-12 23:33:24,156 [Worker-25: Launching Executing install in C__Users_kosma_Desktop_Seip_Seip2019_seip2019_gradeshistogram] INFO  o.e.m.i.launch.MavenLaunchDelegate -  mvn -B install
2019-03-12 23:33:30,445 [Worker-31: Building workspace] WARN  o.e.m.c.i.embedder.EclipseLogger - Using platform encoding (Cp1253 actually) to copy filtered resources, i.e. build is platform dependent!
2019-03-12 23:33:30,447 [Worker-31: Building workspace] INFO  o.e.m.c.i.embedder.EclipseLogger - Copying 0 resource
2019-03-12 23:33:30,449 [Worker-31: Building workspace] WARN  o.e.m.c.i.embedder.EclipseLogger - Using platform encoding (Cp1253 actually) to copy filtered resources, i.e. build is platform dependent!
2019-03-12 23:33:30,450 [Worker-31: Building workspace] INFO  o.e.m.c.i.embedder.EclipseLogger - Copying 0 resource
2019-03-12 23:34:16,753 [Worker-31: Launching Executing install in C__Users_kosma_Desktop_Seip_Seip2019_seip2019_gradeshistogram] INFO  o.e.m.i.launch.MavenLaunchDelegate - C:\Users\kosma\Desktop\Seip\Seip2019\seip2019\gradeshistogram
2019-03-12 23:34:16,753 [Worker-31: Launching Executing install in C__Users_kosma_Desktop_Seip_Seip2019_seip2019_gradeshistogram] INFO  o.e.m.i.launch.MavenLaunchDelegate -  mvn -B install
2019-03-12 23:34:22,822 [Worker-25: Building workspace] WARN  o.e.m.c.i.embedder.EclipseLogger - Using platform encoding (Cp1253 actually) to copy filtered resources, i.e. build is platform dependent!
2019-03-12 23:34:22,826 [Worker-25: Building workspace] INFO  o.e.m.c.i.embedder.EclipseLogger - Copying 0 resource
2019-03-12 23:34:22,832 [Worker-25: Building workspace] WARN  o.e.m.c.i.embedder.EclipseLogger - Using platform encoding (Cp1253 actually) to copy filtered resources, i.e. build is platform dependent!
2019-03-12 23:34:22,837 [Worker-25: Building workspace] INFO  o.e.m.c.i.embedder.EclipseLogger - Copying 0 resource
2019-03-13 00:23:47,993 [Worker-29: Building workspace] INFO  o.e.m.c.i.l.LifecycleMappingFactory - Using org.eclipse.m2e.jdt.JarLifecycleMapping lifecycle mapping for MavenProject: gr.aueb.dmst:gradeshistogram:0.0.1-SNAPSHOT @ C:\Users\kosma\Desktop\Seip\Seip2019\seip2019\gradeshistogram\pom.xml.
2019-03-13 00:23:48,328 [Worker-29: Building workspace] WARN  o.e.m.c.i.embedder.EclipseLogger - Using platform encoding (Cp1253 actually) to copy filtered resources, i.e. build is platform dependent!
2019-03-13 00:23:48,337 [Worker-29: Building workspace] INFO  o.e.m.c.i.embedder.EclipseLogger - Copying 0 resource
2019-03-13 00:23:48,340 [Worker-29: Building workspace] WARN  o.e.m.c.i.embedder.EclipseLogger - Using platform encoding (Cp1253 actually) to copy filtered resources, i.e. build is platform dependent!
2019-03-13 00:23:48,343 [Worker-29: Building workspace] INFO  o.e.m.c.i.embedder.EclipseLogger - Copying 0 resource
2019-03-13 02:52:07,321 [Worker-37: Building workspace] WARN  o.e.m.c.i.embedder.EclipseLogger - Using platform encoding (Cp1253 actually) to copy filtered resources, i.e. build is platform dependent!
2019-03-13 02:52:07,326 [Worker-37: Building workspace] INFO  o.e.m.c.i.embedder.EclipseLogger - Copying 0 resource
2019-03-13 02:52:07,327 [Worker-37: Building workspace] WARN  o.e.m.c.i.embedder.EclipseLogger - Using platform encoding (Cp1253 actually) to copy filtered resources, i.e. build is platform dependent!
2019-03-13 02:52:07,329 [Worker-37: Building workspace] INFO  o.e.m.c.i.embedder.EclipseLogger - Copying 0 resource
2019-03-13 03:07:30,196 [Worker-41: Building workspace] WARN  o.e.m.c.i.embedder.EclipseLogger - Using platform encoding (Cp1253 actually) to copy filtered resources, i.e. build is platform dependent!
2019-03-13 03:07:30,199 [Worker-41: Building workspace] INFO  o.e.m.c.i.embedder.EclipseLogger - Copying 0 resource
2019-03-13 03:07:30,202 [Worker-41: Building workspace] WARN  o.e.m.c.i.embedder.EclipseLogger - Using platform encoding (Cp1253 actually) to copy filtered resources, i.e. build is platform dependent!
2019-03-13 03:07:30,204 [Worker-41: Building workspace] INFO  o.e.m.c.i.embedder.EclipseLogger - Copying 0 resource
2019-03-13 03:16:59,002 [Worker-43: Building workspace] WARN  o.e.m.c.i.embedder.EclipseLogger - Using platform encoding (Cp1253 actually) to copy filtered resources, i.e. build is platform dependent!
2019-03-13 03:16:59,004 [Worker-43: Building workspace] INFO  o.e.m.c.i.embedder.EclipseLogger - Copying 0 resource
2019-03-13 03:16:59,007 [Worker-43: Building workspace] WARN  o.e.m.c.i.embedder.EclipseLogger - Using platform encoding (Cp1253 actually) to copy filtered resources, i.e. build is platform dependent!
2019-03-13 03:16:59,015 [Worker-43: Building workspace] INFO  o.e.m.c.i.embedder.EclipseLogger - Copying 0 resource
2019-03-13 11:33:16,055 [Worker-2: Loading available Gradle versions] INFO  o.e.b.c.i.u.g.PublishedGradleVersions - Gradle version information cache is up-to-date. Trying to read.
2019-03-13 11:35:19,573 [Worker-10: Building workspace] WARN  o.e.m.c.i.embedder.EclipseLogger - Using platform encoding (Cp1253 actually) to copy filtered resources, i.e. build is platform dependent!
2019-03-13 11:35:19,615 [Worker-10: Building workspace] INFO  o.e.m.c.i.embedder.EclipseLogger - Copying 0 resource
2019-03-13 11:35:19,630 [Worker-10: Building workspace] WARN  o.e.m.c.i.embedder.EclipseLogger - Using platform encoding (Cp1253 actually) to copy filtered resources, i.e. build is platform dependent!
2019-03-13 11:35:19,632 [Worker-10: Building workspace] INFO  o.e.m.c.i.embedder.EclipseLogger - Copying 0 resource
